int          line 1 cols 1-3 is T_Int 
test         line 1 cols 5-8 is T_Identifier 
=            line 1 cols 10-10 is '=' 
0            line 1 cols 12-12 is T_IntConstant (value = 0)
;            line 1 cols 13-13 is ';' 
int          line 2 cols 1-3 is T_Int 
a            line 2 cols 5-5 is T_Identifier 
=            line 2 cols 7-7 is '=' 
test         line 2 cols 9-12 is T_Identifier 
++           line 2 cols 13-14 is T_Inc 
+            line 2 cols 16-16 is '+' 
+            line 2 cols 18-18 is '+' 
5            line 2 cols 19-19 is T_IntConstant (value = 5)
;            line 2 cols 20-20 is ';' 
int          line 3 cols 1-3 is T_Int 
test         line 3 cols 5-8 is T_Identifier 
=            line 3 cols 9-9 is '=' 
0            line 3 cols 10-10 is T_IntConstant (value = 0)
;            line 3 cols 11-11 is ';' 
int          line 4 cols 1-3 is T_Int 
a            line 4 cols 5-5 is T_Identifier 
=            line 4 cols 7-7 is '=' 
test         line 4 cols 9-12 is T_Identifier 
++           line 4 cols 13-14 is T_Inc 
+            line 4 cols 16-16 is '+' 
-            line 4 cols 18-18 is '-' 
5            line 4 cols 19-19 is T_IntConstant (value = 5)
;            line 4 cols 20-20 is ';' 
int          line 5 cols 1-3 is T_Int 
a            line 5 cols 5-5 is T_Identifier 
=            line 5 cols 7-7 is '=' 
test         line 5 cols 9-12 is T_Identifier 
++           line 5 cols 13-14 is T_Inc 
+            line 5 cols 16-16 is '+' 
++           line 5 cols 18-19 is T_Inc 
test         line 5 cols 20-23 is T_Identifier 
;            line 5 cols 24-24 is ';' 
int          line 6 cols 1-3 is T_Int 
a            line 6 cols 5-5 is T_Identifier 
=            line 6 cols 7-7 is '=' 
test         line 6 cols 9-12 is T_Identifier 
++           line 6 cols 13-14 is T_Inc 
+            line 6 cols 16-16 is '+' 
++           line 6 cols 18-19 is T_Inc 
5            line 6 cols 20-20 is T_IntConstant (value = 5)
;            line 6 cols 21-21 is ';' 
1            line 7 cols 1-1 is T_IntConstant (value = 1)
+            line 7 cols 2-2 is '+' 
1            line 7 cols 3-3 is T_IntConstant (value = 1)
1            line 8 cols 1-1 is T_IntConstant (value = 1)
-            line 8 cols 2-2 is '-' 
1            line 8 cols 3-3 is T_IntConstant (value = 1)
