+            line 1 cols 1-1 is '+' 
-            line 2 cols 1-1 is '-' 
*            line 3 cols 1-1 is '*' 
/            line 4 cols 1-1 is '/'
%            line 5 cols 1-1 is '%' 
<            line 6 cols 1-1 is '<' 
>            line 7 cols 1-1 is '>' 
=            line 8 cols 1-1 is '=' 
!            line 9 cols 1-1 is '!' 
;            line 10 cols 1-1 is ';' 
,            line 11 cols 1-1 is ',' 
.            line 12 cols 1-1 is '.' 
[            line 13 cols 1-1 is '[' 
]            line 13 cols 3-3 is ']' 
(            line 14 cols 1-1 is '(' 
)            line 15 cols 1-1 is ')' 
{            line 16 cols 1-1 is '{' 
}            line 17 cols 1-1 is '}' 
[]           line 18 cols 1-2 is T_Dims 
]            line 19 cols 1-1 is ']' 
[            line 19 cols 2-2 is '[' 
--           line 20 cols 1-2 is T_Dec 
++           line 21 cols 1-2 is T_Inc 
